<?xml version="1.0" encoding="UTF-8"?>
<!-- Generated by org.testng.reporters.JUnitReportReporter -->
<testsuite hostname="GOL012019" name="com.testclasses.HomePageTesting" tests="2" failures="0" timestamp="10 Feb 2021 12:19:53 GMT" time="12.616" errors="0">
  <testcase name="generalVerificationHomePage" time="7.222" classname="com.testclasses.HomePageTesting"/>
  <testcase name="HomePageLoadTest" time="5.394" classname="com.testclasses.HomePageTesting"/>
</testsuite> <!-- com.testclasses.HomePageTesting -->
