<?xml version="1.0" encoding="UTF-8"?>
<!-- Generated by org.testng.reporters.JUnitReportReporter -->
<testsuite hostname="GOL012019" name="com.testclasses.HomePageTesting" tests="2" failures="0" timestamp="20 Feb 2021 08:30:22 GMT" time="221.113" errors="0">
  <testcase name="generalVerificationHomePage" time="83.015" classname="com.testclasses.HomePageTesting"/>
  <testcase name="HomePageLoadTest" time="138.098" classname="com.testclasses.HomePageTesting"/>
</testsuite> <!-- com.testclasses.HomePageTesting -->
