<?xml version="1.0" encoding="UTF-8"?>
<!-- Generated by org.testng.reporters.JUnitReportReporter -->
<testsuite hostname="GOD23793" name="com.testclasses.HomePageTesting" tests="2" failures="0" timestamp="9 Apr 2021 09:21:30 GMT" time="136.785" errors="0">
  <testcase name="HomePageLoadTest" time="70.226" classname="com.testclasses.HomePageTesting"/>
  <testcase name="generalVerificationHomePage" time="66.559" classname="com.testclasses.HomePageTesting"/>
</testsuite> <!-- com.testclasses.HomePageTesting -->
