<?xml version="1.0" encoding="UTF-8"?>
<!-- Generated by org.testng.reporters.JUnitReportReporter -->
<testsuite hostname="GOL012019" name="com.testclasses.HomePageTesting" tests="2" failures="0" timestamp="15 Feb 2021 06:58:38 GMT" time="13.143" errors="0">
  <testcase name="generalVerificationHomePage" time="8.289" classname="com.testclasses.HomePageTesting"/>
  <testcase name="HomePageLoadTest" time="4.854" classname="com.testclasses.HomePageTesting"/>
</testsuite> <!-- com.testclasses.HomePageTesting -->
