<?xml version="1.0" encoding="UTF-8"?>
<!-- Generated by org.testng.reporters.JUnitReportReporter -->
<testsuite hostname="GOL012019" name="com.testclasses.HomePageTesting" tests="2" failures="0" timestamp="19 Feb 2021 05:48:25 GMT" time="20.597" errors="0">
  <testcase name="generalVerificationHomePage" time="9.347" classname="com.testclasses.HomePageTesting"/>
  <testcase name="HomePageLoadTest" time="11.250" classname="com.testclasses.HomePageTesting"/>
</testsuite> <!-- com.testclasses.HomePageTesting -->
