<?xml version="1.0" encoding="UTF-8"?>
<!-- Generated by org.testng.reporters.JUnitReportReporter -->
<testsuite hostname="GOL012019" name="com.testclasses.HomePageTesting" tests="2" failures="0" timestamp="19 Feb 2021 06:39:04 GMT" time="20.337" errors="0">
  <testcase name="HomePageLoadTest" time="7.302" classname="com.testclasses.HomePageTesting"/>
  <testcase name="generalVerificationHomePage" time="13.035" classname="com.testclasses.HomePageTesting"/>
</testsuite> <!-- com.testclasses.HomePageTesting -->
